#-----------------------------------------------------------
# Webtalk v2018.3 (64-bit)
# SW Build 2405991 on Thu Dec  6 23:36:41 MST 2018
# 
# Start of session at: Wed Dec 18 12:57:54 2019
# Process ID: 6143
# Current directory: /media/wei/DATA/LW/Project/Vivado_Project/Panoseti/V0090/quabo_master_V0090/quabo_master/SDK/webtalk
# Command line: wbtcv -mode batch -source sdk_webtalk.tcl
# Log file: /media/wei/DATA/LW/Project/Vivado_Project/Panoseti/V0090/quabo_master_V0090/quabo_master/SDK/webtalk/webtalk.log
# Journal file: /media/wei/DATA/LW/Project/Vivado_Project/Panoseti/V0090/quabo_master_V0090/quabo_master/SDK/webtalk/webtalk.jou
#-----------------------------------------------------------
source sdk_webtalk.tcl
# webtalk_init -webtalk_dir /media/wei/DATA/LW/Project/Vivado_Project/Panoseti/V0090/quabo_master_V0090/quabo_master/SDK/webtalk
# webtalk_register_client -client project
# webtalk_add_data -client project -key date_generated -value "2019-12-18 13:57:53" -context "software_version_and_target_device"
# webtalk_add_data -client project -key product_version -value "SDK v2018.3" -context "software_version_and_target_device"
# webtalk_add_data -client project -key build_version -value "2018.3" -context "software_version_and_target_device"
# webtalk_add_data -client project -key os_platform -value "amd64" -context "software_version_and_target_device"
# webtalk_add_data -client project -key registration_id -value "211461594_0_0_907" -context "software_version_and_target_device"
# webtalk_add_data -client project -key tool_flow -value "SDK" -context "software_version_and_target_device"
# webtalk_add_data -client project -key beta -value "false" -context "software_version_and_target_device"
# webtalk_add_data -client project -key route_design -value "NA" -context "software_version_and_target_device"
# webtalk_add_data -client project -key target_family -value "NA" -context "software_version_and_target_device"
# webtalk_add_data -client project -key target_device -value "NA" -context "software_version_and_target_device"
# webtalk_add_data -client project -key target_package -value "NA" -context "software_version_and_target_device"
# webtalk_add_data -client project -key target_speed -value "NA" -context "software_version_and_target_device"
# webtalk_add_data -client project -key random_id -value "j270rl4cllaoq5mm0qkafi0m85" -context "software_version_and_target_device"
# webtalk_add_data -client project -key project_id -value "2018.3_149" -context "software_version_and_target_device"
# webtalk_add_data -client project -key project_iteration -value "149" -context "software_version_and_target_device"
# webtalk_add_data -client project -key os_name -value "Ubuntu" -context "user_environment"
# webtalk_add_data -client project -key os_release -value "Ubuntu 18.04.3 LTS" -context "user_environment"
# webtalk_add_data -client project -key cpu_name -value "Intel(R) Core(TM) i7-8750H CPU @ 2.20GHz" -context "user_environment"
# webtalk_add_data -client project -key cpu_speed -value "2710.771 MHz" -context "user_environment"
# webtalk_add_data -client project -key total_processors -value "1" -context "user_environment"
# webtalk_add_data -client project -key system_ram -value "25.127 GB" -context "user_environment"
# webtalk_register_client -client sdk
# webtalk_add_data -client sdk -key uid -value "1576706206000" -context "sdk\\\\bsp/1576706206000"
# webtalk_add_data -client sdk -key hwid -value "1576703852000" -context "sdk\\\\bsp/1576706206000"
# webtalk_add_data -client sdk -key os -value "standalone" -context "sdk\\\\bsp/1576706206000"
# webtalk_add_data -client sdk -key apptemplate -value "null" -context "sdk\\\\bsp/1576706206000"
# webtalk_add_data -client sdk -key RecordType -value "BSPCreation" -context "sdk\\\\bsp/1576706206000"
# webtalk_add_data -client sdk -key uid -value "NA" -context "sdk\\\\bsp/1576706273516"
# webtalk_add_data -client sdk -key RecordType -value "ToolUsage" -context "sdk\\\\bsp/1576706273516"
# webtalk_add_data -client sdk -key BootgenCount -value "0" -context "sdk\\\\bsp/1576706273516"
# webtalk_add_data -client sdk -key DebugCount -value "0" -context "sdk\\\\bsp/1576706273516"
# webtalk_add_data -client sdk -key PerfCount -value "0" -context "sdk\\\\bsp/1576706273516"
# webtalk_add_data -client sdk -key FlashCount -value "0" -context "sdk\\\\bsp/1576706273516"
# webtalk_add_data -client sdk -key CrossTriggCount -value "0" -context "sdk\\\\bsp/1576706273516"
# webtalk_add_data -client sdk -key QemuDebugCount -value "0" -context "sdk\\\\bsp/1576706273516"
# webtalk_transmit -clientid 823779431 -regid "211461594_0_0_907" -xml /media/wei/DATA/LW/Project/Vivado_Project/Panoseti/V0090/quabo_master_V0090/quabo_master/SDK/webtalk/usage_statistics_ext_sdk.xml -html /media/wei/DATA/LW/Project/Vivado_Project/Panoseti/V0090/quabo_master_V0090/quabo_master/SDK/webtalk/usage_statistics_ext_sdk.html -wdm /media/wei/DATA/LW/Project/Vivado_Project/Panoseti/V0090/quabo_master_V0090/quabo_master/SDK/webtalk/sdk_webtalk.wdm -intro "<H3>SDK Usage Report</H3><BR>"
# webtalk_terminate
INFO: [Common 17-206] Exiting Webtalk at Wed Dec 18 12:57:54 2019...
