#-----------------------------------------------------------
# Vivado v2018.3_AR71948 (64-bit)
# SW Build 2405991 on Thu Dec  6 23:36:41 MST 2018
# IP Build 2404404 on Fri Dec  7 01:43:56 MST 2018
# Start of session at: Wed Dec 11 13:22:11 2019
# Process ID: 23302
# Current directory: /media/wei/DATA/LW/Project/Vivado_Project/Panoseti/V008_2/quabo_master_V8_2/quabo_master/SDK/base_mb_wrapper_hw_platform_0
# Command line: vivado -mode tcl
# Log file: /media/wei/DATA/LW/Project/Vivado_Project/Panoseti/V008_2/quabo_master_V8_2/quabo_master/SDK/base_mb_wrapper_hw_platform_0/vivado.log
# Journal file: /media/wei/DATA/LW/Project/Vivado_Project/Panoseti/V008_2/quabo_master_V8_2/quabo_master/SDK/base_mb_wrapper_hw_platform_0/vivado.jou
#-----------------------------------------------------------
write_cfgmem  -format bin -size 32 -interface SPIx1 -loadbit "up 0x0 download.bit" -checksum -file "quabo_0x000000.bin" -force
Command: write_cfgmem -format bin -size 32 -interface SPIx1 -loadbit {up 0x0 download.bit} -checksum -file quabo_0x000000.bin -force
Creating config memory files...
Creating bitstream load up from address 0x00000000
Loading bitfile download.bit
Writing file ./quabo_0x000000.bin
Writing log file ./quabo_0x000000.prm
===================================
Configuration Memory information
===================================
File Format        BIN
Interface          SPIX1
Size               32M
Start Address      0x00000000
End Address        0x01FFFFFF
Checksum           0x9CAE64FA
Fill Value         0xFF

Addr1         Addr2         Date                    File(s)          Checksum
0x00000000    0x00661EDB    Dec 11 13:20:47 2019    download.bit     0x0467221E
File Checksum Total                                                  0x0467221E
0 Infos, 0 Warnings, 0 Critical Warnings and 0 Errors encountered.
write_cfgmem completed successfully
write_cfgmem  -format bin -size 32 -interface SPIx1 -loadbit "up 0x0 download.bit" -checksum -file "quabo_0x016000.bin" -force
Command: write_cfgmem -format bin -size 32 -interface SPIx1 -loadbit {up 0x0 download.bit} -checksum -file quabo_0x016000.bin -force
Creating config memory files...
Creating bitstream load up from address 0x00000000
Loading bitfile download.bit
Writing file ./quabo_0x016000.bin
Writing log file ./quabo_0x016000.prm
===================================
Configuration Memory information
===================================
File Format        BIN
Interface          SPIX1
Size               32M
Start Address      0x00000000
End Address        0x01FFFFFF
Checksum           0x9CAE6438
Fill Value         0xFF

Addr1         Addr2         Date                    File(s)          Checksum
0x00000000    0x00661EDB    Dec 11 13:25:34 2019    download.bit     0x0467215C
File Checksum Total                                                  0x0467215C
0 Infos, 0 Warnings, 0 Critical Warnings and 0 Errors encountered.
write_cfgmem completed successfully
quit
INFO: [Common 17-206] Exiting Vivado at Wed Dec 11 18:27:37 2019...
