Copyright 1986-2018 Xilinx, Inc. All Rights Reserved.
-------------------------------------------------------------------------------------------------
| Tool Version : Vivado v.2018.3_AR71948 (lin64) Build 2405991 Thu Dec  6 23:36:41 MST 2018
| Date         : Mon Dec 16 19:55:50 2019
| Host         : Wei-Berkeley running 64-bit Ubuntu 18.04.3 LTS
| Command      : report_incremental_reuse -file base_mb_wrapper_incremental_reuse_pre_placed.rpt
| Design       : base_mb_wrapper
| Device       : xc7k160t
| Design State : Fully Routed
-------------------------------------------------------------------------------------------------

Incremental Implementation Information

Table of Contents
-----------------
1. Reuse Summary
2. Reference Checkpoint Information
3. Comparison with Reference Run
4. Non Reuse Information

1. Reuse Summary
----------------

+-------+----------------------+--------------------+--------------------+--------+
|  Type | Matched % (of Total) | Reuse % (of Total) | Fixed % (of Total) |  Total |
+-------+----------------------+--------------------+--------------------+--------+
| Cells |               100.00 |             100.00 |               0.72 |  54108 |
| Nets  |               100.00 |              99.92 |               0.00 |  39958 |
| Pins  |                    - |              99.99 |                  - | 217610 |
| Ports |               100.00 |             100.00 |             100.00 |    377 |
+-------+----------------------+--------------------+--------------------+--------+


2. Reference Checkpoint Information
-----------------------------------

+----------------+---------------------------------------------------------------------------------------------------------------------------------------------------------------------------------+
| DCP Location:  | /media/wei/DATA/LW/Project/Vivado_Project/Panoseti/V008_2/quabo_master_V8_2/quabo_master/build/quabo_V008_2/quabo_V008_2.srcs/utils_1/imports/impl_1/base_mb_wrapper_routed.dcp |
+----------------+---------------------------------------------------------------------------------------------------------------------------------------------------------------------------------+


+--------------------------------+----------------------------+
|         DCP Information        |            Value           |
+--------------------------------+----------------------------+
| Vivado Version                 |            v2018.3_AR71948 |
| DCP State                      |                 POST_ROUTE |
| Recorded WNS                   |                      1.500 |
| Recorded WHS                   |                      0.051 |
| Reference Speed File Version   | PRODUCTION 1.12 2017-02-17 |
| Incremental Speed File Version | PRODUCTION 1.12 2017-02-17 |
+--------------------------------+----------------------------+
* Recorded WNS/WHS timing numbers are estimated timing numbers. They may vary slightly from sign-off timing numbers.


3. Comparison with Reference Run
--------------------------------

+-----------------+---------------------------+---------------------------+---------------------------+
|                 |          WNS(ns)          |  Runtime(elapsed)(hh:mm)  |    Runtime(cpu)(hh:mm)    |
+-----------------+-------------+-------------+-------------+-------------+-------------+-------------+
|      Stage      |  Reference  | Incremental |  Reference  | Incremental |  Reference  | Incremental |
+-----------------+-------------+-------------+-------------+-------------+-------------+-------------+
| synth_design    |             |             |       00:12 |       00:12 |       00:12 |       00:12 |
| opt_design      |             |             |     < 1 min |     < 1 min |       00:01 |       00:01 |
| read_checkpoint |             |             |     < 1 min |     < 1 min |     < 1 min |     < 1 min |
+-----------------+-------------+-------------+-------------+-------------+-------------+-------------+


4. Non Reuse Information
------------------------

+-----------------------+------+
|          Type         |   %  |
+-----------------------+------+
| Non-Reused Cells      | 0.00 |
| Partially reused nets | 0.00 |
| Non-Reused nets       | 0.07 |
| Non-Reused Ports      | 0.00 |
+-----------------------+------+


